DEBUG [IRDeviceParams.cpp:164] @ 0.00647361s :Parameters
DEBUG [IRDeviceParams.cpp:165] @ 0.00658839s :serial: 0
DEBUG [IRDeviceParams.cpp:166] @ 0.00663196s :videoformatindex: 0
DEBUG [IRDeviceParams.cpp:167] @ 0.00666681s :fov: 0
DEBUG [IRDeviceParams.cpp:168] @ 0.00668785s :optics_text: 0000000000000000
DEBUG [IRDeviceParams.cpp:169] @ 0.00670888s :formatspath: 0000018DDB7C2920
DEBUG [IRDeviceParams.cpp:170] @ 0.00672961s :calipath: 0000000000000000
DEBUG [IRDeviceParams.cpp:171] @ 0.00674974s :temperature min: 0
DEBUG [IRDeviceParams.cpp:172] @ 0.00677018s :temperature max: 0
DEBUG [IRDeviceParams.cpp:173] @ 0.00707846s :framerate: 20
DEBUG [IRDeviceParams.cpp:174] @ 0.00709919s :bispectral: 0
DEBUG [IRDeviceParams.cpp:175] @ 0.00711301s :average: 0
DEBUG [IRDeviceParams.cpp:176] @ 0.00713525s :flag automatic: 1
DEBUG [IRDeviceParams.cpp:177] @ 0.00715087s :min interval: 15
DEBUG [IRDeviceParams.cpp:178] @ 0.00716409s :max interval: 0
DEBUG [IRDeviceParams.cpp:179] @ 0.00717671s :chip heating mode: 0
DEBUG [IRDeviceParams.cpp:180] @ 0.00719023s :chip heating fixed val: 40
DEBUG [IRDeviceParams.cpp:181] @ 0.00720345s :focus:  50
DEBUG [IRDeviceParams.cpp:182] @ 0.00721607s :enable extended temp range: 0
DEBUG [IRDeviceParams.cpp:183] @ 0.00722899s :buffer queue size: 5
DEBUG [IRDeviceParams.cpp:184] @ 0.00724131s :enable high precision: 0
DEBUG [Cali.cpp:97] @ 0.139851s :Calibration directory path: \\corp.inductabend.com.au\Public\Profiles$\malleblas\AppData\Roaming\Imager\Cali
DEBUG [Cali.cpp:98] @ 0.139883s :Calibration file name: Cali-14060035.xml
DEBUG [Cali.cpp:108] @ 0.155065s :Calibration data A: 1450 B:470 C:4095 D:1000
DEBUG [Cali.cpp:72] @ 0.252693s :Calibration XML file already loaded.
INFO [IRImager.cpp:272] @ 0.252757s :Init thermal imager with size: 385x289@27 Hz
DEBUG [IRImager.cpp:289] @ 0.252783s :No temperature range configuration specified. Setting default values tMin: -20 , tMax: 100
ERROR [IRImager.cpp:318] @ 0.252893s :Formats.def file cannot be found. Check configuration of <formatspath> tag and existence of file.
DEBUG [IRImager.cpp:667] @ 0.263928s :Delete timer
DEBUG [IRImager.cpp:673] @ 0.263965s :Delete manual timer
