DEBUG [IRDeviceParams.cpp:164] @ 0.001021s :Parameters
DEBUG [IRDeviceParams.cpp:165] @ 0.00126137s :serial: 0
DEBUG [IRDeviceParams.cpp:166] @ 0.00129893s :videoformatindex: 0
DEBUG [IRDeviceParams.cpp:167] @ 0.00132176s :fov: 0
DEBUG [IRDeviceParams.cpp:168] @ 0.001344s :optics_text: 0000000000000000
DEBUG [IRDeviceParams.cpp:169] @ 0.00136563s :formatspath: 000001FDC0AFFB40
DEBUG [IRDeviceParams.cpp:170] @ 0.00138697s :calipath: 0000000000000000
DEBUG [IRDeviceParams.cpp:171] @ 0.0014077s :temperature min: 0
DEBUG [IRDeviceParams.cpp:172] @ 0.00142843s :temperature max: 0
DEBUG [IRDeviceParams.cpp:173] @ 0.00167632s :framerate: 20
DEBUG [IRDeviceParams.cpp:174] @ 0.00169885s :bispectral: 0
DEBUG [IRDeviceParams.cpp:175] @ 0.00171328s :average: 0
DEBUG [IRDeviceParams.cpp:176] @ 0.00173371s :flag automatic: 1
DEBUG [IRDeviceParams.cpp:177] @ 0.00175504s :min interval: 15
DEBUG [IRDeviceParams.cpp:178] @ 0.00176946s :max interval: 0
DEBUG [IRDeviceParams.cpp:179] @ 0.00178269s :chip heating mode: 0
DEBUG [IRDeviceParams.cpp:180] @ 0.00179831s :chip heating fixed val: 40
DEBUG [IRDeviceParams.cpp:181] @ 0.00181363s :focus:  50
DEBUG [IRDeviceParams.cpp:182] @ 0.00185299s :enable extended temp range: 0
DEBUG [IRDeviceParams.cpp:183] @ 0.00188064s :buffer queue size: 5
DEBUG [IRDeviceParams.cpp:184] @ 0.0019176s :enable high precision: 0
DEBUG [Cali.cpp:97] @ 0.12959s :Calibration directory path: \\corp.inductabend.com.au\Public\Profiles$\malleblas\AppData\Roaming\Imager\Cali
DEBUG [Cali.cpp:98] @ 0.129623s :Calibration file name: Cali-14060035.xml
DEBUG [Cali.cpp:108] @ 0.131484s :Calibration data A: 1450 B:470 C:4095 D:1000
DEBUG [Cali.cpp:72] @ 0.139999s :Calibration XML file already loaded.
INFO [IRImager.cpp:272] @ 0.140052s :Init thermal imager with size: 385x289@27 Hz
DEBUG [IRImager.cpp:289] @ 0.140071s :No temperature range configuration specified. Setting default values tMin: -20 , tMax: 100
ERROR [IRImager.cpp:318] @ 0.140135s :Formats.def file cannot be found. Check configuration of <formatspath> tag and existence of file.
DEBUG [IRImager.cpp:667] @ 0.151973s :Delete timer
DEBUG [IRImager.cpp:673] @ 0.152011s :Delete manual timer
